0 info it worked if it ends with ok
1 verbose cli [ '/home/ubuntu/.nvm/versions/node/v4.5.0/bin/node',
1 verbose cli   '/home/ubuntu/.nvm/versions/node/v4.5.0/bin/npm',
1 verbose cli   'publish' ]
2 info using npm@3.10.8
3 info using node@v4.5.0
4 verbose publish [ '.' ]
5 silly cache add args [ '.', null ]
6 verbose cache add spec .
7 silly cache add parsed spec Result {
7 silly cache add   raw: '.',
7 silly cache add   scope: null,
7 silly cache add   escapedName: null,
7 silly cache add   name: null,
7 silly cache add   rawSpec: '.',
7 silly cache add   spec: '/home/ubuntu/workspace/npm',
7 silly cache add   type: 'directory' }
8 verbose addLocalDirectory /home/ubuntu/.npm/@samg/npm/1.0.2/package.tgz not in flight; packing
9 verbose correctMkdir /home/ubuntu/.npm correctMkdir not in flight; initializing
10 info lifecycle @samg/npm@1.0.2~prepublish: @samg/npm@1.0.2
11 silly lifecycle @samg/npm@1.0.2~prepublish: no script for prepublish, continuing
12 verbose tar pack [ '/home/ubuntu/.npm/@samg/npm/1.0.2/package.tgz',
12 verbose tar pack   '/home/ubuntu/workspace/npm' ]
13 verbose tarball /home/ubuntu/.npm/@samg/npm/1.0.2/package.tgz
14 verbose folder /home/ubuntu/workspace/npm
15 verbose addLocalTarball adding from inside cache /home/ubuntu/.npm/@samg/npm/1.0.2/package.tgz
16 verbose correctMkdir /home/ubuntu/.npm correctMkdir not in flight; initializing
17 silly cache afterAdd @samg/npm@1.0.2
18 verbose afterAdd /home/ubuntu/.npm/@samg/npm/1.0.2/package/package.json not in flight; writing
19 verbose correctMkdir /home/ubuntu/.npm correctMkdir not in flight; initializing
20 verbose afterAdd /home/ubuntu/.npm/@samg/npm/1.0.2/package/package.json written
21 silly publish { name: '@samg/npm',
21 silly publish   version: '1.0.2',
21 silly publish   description: 'first npm download',
21 silly publish   main: 'index.js',
21 silly publish   scripts: { test: 'node test.js' },
21 silly publish   repository: { type: 'git', url: 'git+https://github.com/samgtz/npm.git' },
21 silly publish   author: { name: 'samg' },
21 silly publish   license: 'ISC',
21 silly publish   bugs: { url: 'https://github.com/samgtz/npm/issues' },
21 silly publish   homepage: 'https://github.com/samgtz/npm#readme',
21 silly publish   dependencies: { '@linclark/pkg': '^1.0.2' },
21 silly publish   readme: 'Hey you should read me first before continuing! ~5:17 AM',
21 silly publish   readmeFilename: 'README.md',
21 silly publish   gitHead: 'afffdf8ba21cabb10c122f9887e5d0d2b9c7d01f',
21 silly publish   _id: '@samg/npm@1.0.2',
21 silly publish   _shasum: '9c9626a69dc82b168d973509253900a40593f679',
21 silly publish   _from: '.' }
22 verbose getPublishConfig undefined
23 silly mapToRegistry name @samg/npm
24 silly mapToRegistry scope (from package name) @samg
25 verbose mapToRegistry no registry URL found in name for scope @samg
26 silly mapToRegistry using default registry
27 silly mapToRegistry registry http://localhost:15443/
28 silly mapToRegistry data Result {
28 silly mapToRegistry   raw: '@samg/npm',
28 silly mapToRegistry   scope: '@samg',
28 silly mapToRegistry   escapedName: '@samg%2fnpm',
28 silly mapToRegistry   name: '@samg/npm',
28 silly mapToRegistry   rawSpec: '',
28 silly mapToRegistry   spec: 'latest',
28 silly mapToRegistry   type: 'tag' }
29 silly mapToRegistry uri http://localhost:15443/@samg%2fnpm
30 verbose publish registryBase http://localhost:15443/
31 silly publish uploading /home/ubuntu/.npm/@samg/npm/1.0.2/package.tgz
32 verbose request uri http://localhost:15443/@samg%2fnpm
33 verbose request sending authorization for write operation
34 info attempt registry request try #1 at 10:36:18 AM
35 verbose request id 780f091c0db2775c
36 http request PUT http://localhost:15443/@samg%2fnpm
37 http 403 http://localhost:15443/@samg%2fnpm
38 verbose headers { 'content-type': 'application/json',
38 verbose headers   date: 'Fri, 07 Oct 2016 10:36:18 GMT',
38 verbose headers   connection: 'keep-alive',
38 verbose headers   'content-length': '119' }
39 verbose request invalidating /home/ubuntu/.npm/localhost_15443/_40samg_252fnpm on PUT
40 error publish Failed PUT 403
41 verbose stack Error: You cannot publish the same version more than once
41 verbose stack Bump the version number in package.json, and try again. : @samg/npm
41 verbose stack     at makeError (/home/ubuntu/.nvm/versions/node/v4.5.0/lib/node_modules/npm/node_modules/npm-registry-client/lib/request.js:302:12)
41 verbose stack     at CachingRegistryClient.<anonymous> (/home/ubuntu/.nvm/versions/node/v4.5.0/lib/node_modules/npm/node_modules/npm-registry-client/lib/request.js:290:14)
41 verbose stack     at Request._callback (/home/ubuntu/.nvm/versions/node/v4.5.0/lib/node_modules/npm/node_modules/npm-registry-client/lib/request.js:210:14)
41 verbose stack     at Request.self.callback (/home/ubuntu/.nvm/versions/node/v4.5.0/lib/node_modules/npm/node_modules/request/request.js:187:22)
41 verbose stack     at emitTwo (events.js:87:13)
41 verbose stack     at Request.emit (events.js:172:7)
41 verbose stack     at Request.<anonymous> (/home/ubuntu/.nvm/versions/node/v4.5.0/lib/node_modules/npm/node_modules/request/request.js:1044:10)
41 verbose stack     at emitOne (events.js:77:13)
41 verbose stack     at Request.emit (events.js:169:7)
41 verbose stack     at IncomingMessage.<anonymous> (/home/ubuntu/.nvm/versions/node/v4.5.0/lib/node_modules/npm/node_modules/request/request.js:965:12)
42 verbose statusCode 403
43 verbose pkgid @samg/npm
44 verbose cwd /home/ubuntu/workspace/npm
45 error Linux 4.2.0-c9
46 error argv "/home/ubuntu/.nvm/versions/node/v4.5.0/bin/node" "/home/ubuntu/.nvm/versions/node/v4.5.0/bin/npm" "publish"
47 error node v4.5.0
48 error npm  v3.10.8
49 error code E403
50 error You cannot publish the same version more than once
50 error Bump the version number in package.json, and try again. : @samg/npm
51 error If you need help, you may report this error at:
51 error     <https://github.com/npm/npm/issues>
52 verbose exit [ 1, true ]
